<?xml version="1.0" encoding="UTF-8"?>
<!-- Generated by org.testng.reporters.JUnitReportReporter -->
<testsuite hostname="LAPTOP-OFIMJEOV" failures="0" tests="1" name="academies.ValidateTitle" time="0.087" errors="0" timestamp="2021-06-25T13:24:29 IST" skipped="0">
  <testcase classname="academies.ValidateTitle" name="validateTitle" time="0.087"/>
  <system-out/>
</testsuite> <!-- academies.ValidateTitle -->
